<?xml version="1.0" encoding="UTF-8"?>
<robot generator="Robot 4.0.1 (Python 3.8.5 on linux)" generated="20210412 10:57:18.799" rpa="false" schemaversion="2">
<suite id="s1" name="TC POST Request" source="/home/ambar/PycharmProjects/APIAutomation/TestCases/TC_POST_Request.robot">
<test id="s1-t1" name="Put_CustomerRegistration">
<kw name="Create Session" library="RequestsLibrary">
<arg>myssion</arg>
<arg>${base_url}</arg>
<doc>Create Session: create a HTTP session to a server</doc>
<msg timestamp="20210412 10:57:18.871" level="INFO">Creating Session using : alias=myssion, url=http://localhost:8081/, headers={},                     cookies={}, auth=None, timeout=None, proxies=None, verify=False,                     debug=0 </msg>
<status status="PASS" starttime="20210412 10:57:18.871" endtime="20210412 10:57:18.871"/>
</kw>
<kw name="Create Dictionary" library="BuiltIn">
<var>${body}</var>
<arg>id=6</arg>
<arg>name=Aman</arg>
<arg>phone=22222142</arg>
<arg>email=aman@company.com</arg>
<arg>address=Chennai, Tamil Nadu, India</arg>
<arg>country=India</arg>
<arg>department=T21R</arg>
<doc>Creates and returns a dictionary based on the given ``items``.</doc>
<msg timestamp="20210412 10:57:18.872" level="INFO">${body} = {'id': '6', 'name': 'Aman', 'phone': '22222142', 'email': 'aman@company.com', 'address': 'Chennai, Tamil Nadu, India', 'country': 'India', 'department': 'T21R'}</msg>
<status status="PASS" starttime="20210412 10:57:18.872" endtime="20210412 10:57:18.872"/>
</kw>
<kw name="Create Dictionary" library="BuiltIn">
<var>${header}</var>
<arg>Content-Type=application/json</arg>
<doc>Creates and returns a dictionary based on the given ``items``.</doc>
<msg timestamp="20210412 10:57:18.873" level="INFO">${header} = {'Content-Type': 'application/json'}</msg>
<status status="PASS" starttime="20210412 10:57:18.872" endtime="20210412 10:57:18.873"/>
</kw>
<kw name="Post Request" library="RequestsLibrary">
<var>${response}</var>
<arg>myssion</arg>
<arg>/users</arg>
<arg>data=${body}</arg>
<arg>headers=${header}</arg>
<doc>*DEPRECATED* Please use `POST On Session` instead.</doc>
<msg timestamp="20210412 10:57:18.873" level="WARN">Keyword 'RequestsLibrary.Post Request' is deprecated. Please use `POST On Session` instead.</msg>
<msg timestamp="20210412 10:57:18.899" level="INFO">POST Request : url=http://localhost:8081//users 
 path_url=//users 
 headers={'User-Agent': 'python-requests/2.25.1', 'Accept-Encoding': 'gzip, deflate', 'Accept': '*/*', 'Connection': 'keep-alive', 'Content-Type': 'application/json', 'Content-Length': '160'} 
 body={"id": "6", "name": "Aman", "phone": "22222142", "email": "aman@company.com", "address": "Chennai, Tamil Nadu, India", "country": "India", "department": "T21R"} 
 </msg>
<msg timestamp="20210412 10:57:18.899" level="INFO">POST Response : url=http://localhost:8081//users 
 status=200, reason= 
 headers={'Content-Type': 'application/json', 'Transfer-Encoding': 'chunked', 'Date': 'Mon, 12 Apr 2021 05:27:18 GMT', 'Keep-Alive': 'timeout=60', 'Connection': 'keep-alive'} 
 body={"id":6,"name":"Aman","phone":22222142,"email":"aman@company.com","address":"Chennai, Tamil Nadu, India","country":"India","department":"T21R"} 
 </msg>
<msg timestamp="20210412 10:57:18.899" level="INFO">${response} = &lt;Response [200]&gt;</msg>
<status status="PASS" starttime="20210412 10:57:18.873" endtime="20210412 10:57:18.899"/>
</kw>
<kw name="Log To Console" library="BuiltIn">
<arg>${response.status_code}</arg>
<doc>Logs the given message to the console.</doc>
<status status="PASS" starttime="20210412 10:57:18.899" endtime="20210412 10:57:18.900"/>
</kw>
<kw name="Log To Console" library="BuiltIn">
<arg>${response.content}</arg>
<doc>Logs the given message to the console.</doc>
<status status="PASS" starttime="20210412 10:57:18.900" endtime="20210412 10:57:18.901"/>
</kw>
<kw name="Convert To String" library="BuiltIn">
<var>${status_code}</var>
<arg>${response.status_code}</arg>
<doc>Converts the given item to a Unicode string.</doc>
<msg timestamp="20210412 10:57:18.902" level="INFO">${status_code} = 200</msg>
<status status="PASS" starttime="20210412 10:57:18.902" endtime="20210412 10:57:18.902"/>
</kw>
<kw name="Should Be Equal" library="BuiltIn">
<arg>${status_code}</arg>
<arg>200</arg>
<doc>Fails if the given objects are unequal.</doc>
<status status="PASS" starttime="20210412 10:57:18.903" endtime="20210412 10:57:18.903"/>
</kw>
<status status="PASS" starttime="20210412 10:57:18.870" endtime="20210412 10:57:18.903"/>
</test>
<status status="PASS" starttime="20210412 10:57:18.800" endtime="20210412 10:57:18.904"/>
</suite>
<statistics>
<total>
<stat pass="1" fail="0" skip="0">All Tests</stat>
</total>
<tag>
</tag>
<suite>
<stat pass="1" fail="0" skip="0" id="s1" name="TC POST Request">TC POST Request</stat>
</suite>
</statistics>
<errors>
<msg timestamp="20210412 10:57:18.873" level="WARN">Keyword 'RequestsLibrary.Post Request' is deprecated. Please use `POST On Session` instead.</msg>
</errors>
</robot>
